<?xml version="1.0" encoding="UTF-8"?>
<!-- Generated by org.testng.reporters.JUnitReportReporter -->
<testsuite hostname="user-PC" name="TestNGpractice.Invocating" tests="5" failures="0" timestamp="19 Sep 2022 10:38:09 GMT" time="0.041" errors="0">
  <testcase name="deleteCustomer" time="0.003" classname="TestNGpractice.Invocating"/>
  <testcase name="modifyCustomer" time="0.016" classname="TestNGpractice.Invocating"/>
  <testcase name="createCustomer" time="0.018" classname="TestNGpractice.Invocating"/>
  <testcase name="modifyCustomer" time="0.002" classname="TestNGpractice.Invocating"/>
  <testcase name="modifyCustomer" time="0.002" classname="TestNGpractice.Invocating"/>
</testsuite> <!-- TestNGpractice.Invocating -->
