<?xml version="1.0" encoding="UTF-8"?>
<!-- Generated by org.testng.reporters.JUnitReportReporter -->
<testsuite hostname="user-PC" name="TestNGpractice.ReadMultipleDataTest" tests="7" failures="0" timestamp="23 Sep 2022 11:19:13 GMT" time="0.034" errors="0">
  <testcase name="hotelMenu" time="0.002" classname="TestNGpractice.ReadMultipleDataTest"/>
  <testcase name="hotelMenu" time="0.002" classname="TestNGpractice.ReadMultipleDataTest"/>
  <testcase name="hotelMenu" time="0.002" classname="TestNGpractice.ReadMultipleDataTest"/>
  <testcase name="hotelMenu" time="0.003" classname="TestNGpractice.ReadMultipleDataTest"/>
  <testcase name="hotelMenu" time="0.020" classname="TestNGpractice.ReadMultipleDataTest"/>
  <testcase name="hotelMenu" time="0.002" classname="TestNGpractice.ReadMultipleDataTest"/>
  <testcase name="hotelMenu" time="0.003" classname="TestNGpractice.ReadMultipleDataTest"/>
</testsuite> <!-- TestNGpractice.ReadMultipleDataTest -->
