<?xml version="1.0" encoding="UTF-8"?>
<!-- Generated by org.testng.reporters.JUnitReportReporter -->
<testsuite hostname="user-PC" name="TestNg.InternetBankRegister" tests="1" failures="0" timestamp="21 Sep 2022 04:17:29 GMT" time="81.210" errors="0">
  <testcase name="createAccount" time="81.210" classname="TestNg.InternetBankRegister"/>
</testsuite> <!-- TestNg.InternetBankRegister -->
