<?xml version="1.0" encoding="UTF-8"?>
<!-- Generated by org.testng.reporters.JUnitReportReporter -->
<testsuite hostname="user-PC" name="TestNGpractice.CmdSmokeTest" tests="1" failures="0" timestamp="29 Sep 2022 06:37:41 GMT" time="0.031" errors="0">
  <testcase name="create" time="0.031" classname="TestNGpractice.CmdSmokeTest"/>
</testsuite> <!-- TestNGpractice.CmdSmokeTest -->
