<?xml version="1.0" encoding="UTF-8"?>
<!-- Generated by org.testng.reporters.JUnitReportReporter -->
<testsuite hostname="user-PC" name="MySQL.CreateAccontTest" tests="1" failures="0" timestamp="21 Sep 2022 07:49:19 GMT" time="11.737" errors="0">
  <testcase name="createAccount" time="11.737" classname="MySQL.CreateAccontTest"/>
</testsuite> <!-- MySQL.CreateAccontTest -->
