<?xml version="1.0" encoding="UTF-8"?>
<!-- Generated by org.testng.reporters.JUnitReportReporter -->
<testsuite hostname="user-PC" name="TestNGpractice.TestNGpgm" tests="3" failures="0" timestamp="19 Sep 2022 10:19:06 GMT" time="0.023" errors="0">
  <testcase name="deleteCustomer" time="0.019" classname="TestNGpractice.TestNGpgm"/>
  <testcase name="modifyCustomer" time="0.002" classname="TestNGpractice.TestNGpgm"/>
  <testcase name="createCustomer" time="0.002" classname="TestNGpractice.TestNGpgm"/>
</testsuite> <!-- TestNGpractice.TestNGpgm -->
