<?xml version="1.0" encoding="UTF-8"?>
<!-- Generated by org.testng.reporters.JUnitReportReporter -->
<testsuite hostname="user-PC" name="Practicepakage.TestNGpgm" tests="1" failures="0" timestamp="19 Sep 2022 10:03:11 GMT" time="0.169" errors="0">
  <testcase name="m1" time="0.169" classname="Practicepakage.TestNGpgm"/>
</testsuite> <!-- Practicepakage.TestNGpgm -->
