<?xml version="1.0" encoding="UTF-8"?>
<!-- Generated by org.testng.reporters.JUnitReportReporter -->
<testsuite hostname="user-PC" name="TestNGpractice.ReadParamFromCmdLine" tests="1" failures="0" timestamp="29 Sep 2022 06:56:15 GMT" time="0.016" errors="0">
  <testcase name="parameters" time="0.016" classname="TestNGpractice.ReadParamFromCmdLine"/>
</testsuite> <!-- TestNGpractice.ReadParamFromCmdLine -->
