<?xml version="1.0" encoding="UTF-8"?>
<!-- Generated by org.testng.reporters.JUnitReportReporter -->
<testsuite hostname="user-PC" name="TestNGpractice.DataProviderPractice" tests="3" failures="0" timestamp="23 Sep 2022 10:15:25 GMT" time="0.018" errors="0">
  <testcase name="travelling" time="0.002" classname="TestNGpractice.DataProviderPractice"/>
  <testcase name="travelling" time="0.014" classname="TestNGpractice.DataProviderPractice"/>
  <testcase name="travelling" time="0.002" classname="TestNGpractice.DataProviderPractice"/>
</testsuite> <!-- TestNGpractice.DataProviderPractice -->
